<?xml version="1.0" encoding="UTF-8"?>
<!-- Generated by org.testng.reporters.JUnitXMLReporter -->
<testsuite ignored="0" hostname="LAPTOP-CBMC002U" failures="2" tests="3" name="Cucumber Reporting" time="35.629" errors="0" timestamp="2025-05-26T13:59:49 WIB">
  <testcase classname="io.cucumber.testng.AbstractTestNGCucumberTests" name="runScenario" time="18.731">
    <failure type="java.lang.AssertionError" message="Sidebar items do not match!: Lists differ at element [6]: Progres Transaksi Penerimaan Dana != Progres Transaksi Penerima Dana expected [Progres Transaksi Penerimaan Dana] but found [Progres Transaksi Penerima Dana]">
      <![CDATA[java.lang.AssertionError: Sidebar items do not match!: Lists differ at element [6]: Progres Transaksi Penerimaan Dana != Progres Transaksi Penerima Dana expected [Progres Transaksi Penerimaan Dana] but found [Progres Transaksi Penerima Dana]
at com.zaidan.testng.definitions.LoginPageDefinitions.user_should_see_all_sidebar_items(LoginPageDefinitions.java:62)
at ✽.User should be able to see navigation bar for bendahara(file:///D:/Kuliah/Semester-6/PPL/b9-ppl-zaidan-educare-selenium-cucumber/src/test/resources/features/LoginPage.feature:12)
... Removed 4 stack frames]]>
    </failure>
  </testcase> <!-- runScenario -->
  <testcase classname="io.cucumber.testng.AbstractTestNGCucumberTests" name="runScenario" time="6.708">
    <failure type="java.lang.AssertionError" message="Error message does not match! expected [Username atau password salah] but found [Incorrect username or password, please try again!]">
      <![CDATA[java.lang.AssertionError: Error message does not match! expected [Username atau password salah] but found [Incorrect username or password, please try again!]
at com.zaidan.testng.definitions.LoginPageDefinitions.verifyErrorMessage(LoginPageDefinitions.java:72)
at ✽.User should be able to see "un-successful login" notification message(file:///D:/Kuliah/Semester-6/PPL/b9-ppl-zaidan-educare-selenium-cucumber/src/test/resources/features/LoginPage.feature:22)
... Removed 5 stack frames]]>
    </failure>
  </testcase> <!-- runScenario -->
  <testcase classname="io.cucumber.testng.AbstractTestNGCucumberTests" name="runScenario" time="8.505"/>
</testsuite> <!-- Cucumber Reporting -->
