<?xml version="1.0" encoding="UTF-8"?>
<!-- Generated by org.testng.reporters.JUnitReportReporter -->
<testsuite hostname="LAPTOP-CBMC002U" failures="2" tests="3" name="com.zaidan.testng.runner.CucumberRunnerTests" time="33.944" errors="0" timestamp="2025-05-26T13:59:50 WIB" skipped="0">
  <testcase classname="com.zaidan.testng.runner.CucumberRunnerTests" name="runScenario" time="18.731">
    <failure message="Sidebar items do not match!: Lists differ at element [6]: Progres Transaksi Penerimaan Dana != Progres Transaksi Penerima Dana expected [Progres Transaksi Penerimaan Dana] but found [Progres Transaksi Penerima Dana]" type="java.lang.AssertionError">
      <![CDATA[java.lang.AssertionError: Sidebar items do not match!: Lists differ at element [6]: Progres Transaksi Penerimaan Dana != Progres Transaksi Penerima Dana expected [Progres Transaksi Penerimaan Dana] but found [Progres Transaksi Penerima Dana]
at org.testng.Assert.fail(Assert.java:111)
at org.testng.Assert.failNotEquals(Assert.java:1590)
at org.testng.Assert.assertEqualsImpl(Assert.java:150)
at org.testng.Assert.assertEquals(Assert.java:1656)
at com.zaidan.testng.definitions.LoginPageDefinitions.user_should_see_all_sidebar_items(LoginPageDefinitions.java:62)
at ✽.User should be able to see navigation bar for bendahara(file:///D:/Kuliah/Semester-6/PPL/b9-ppl-zaidan-educare-selenium-cucumber/src/test/resources/features/LoginPage.feature:12)
]]>
    </failure>
  </testcase> <!-- runScenario -->
  <testcase classname="com.zaidan.testng.runner.CucumberRunnerTests" name="runScenario" time="6.708">
    <failure message="Error message does not match! expected [Username atau password salah] but found [Incorrect username or password, please try again!]" type="java.lang.AssertionError">
      <![CDATA[java.lang.AssertionError: Error message does not match! expected [Username atau password salah] but found [Incorrect username or password, please try again!]
at org.testng.Assert.fail(Assert.java:111)
at org.testng.Assert.failNotEquals(Assert.java:1590)
at org.testng.Assert.assertEqualsImpl(Assert.java:150)
at org.testng.Assert.assertEquals(Assert.java:132)
at org.testng.Assert.assertEquals(Assert.java:656)
at com.zaidan.testng.definitions.LoginPageDefinitions.verifyErrorMessage(LoginPageDefinitions.java:72)
at ✽.User should be able to see "un-successful login" notification message(file:///D:/Kuliah/Semester-6/PPL/b9-ppl-zaidan-educare-selenium-cucumber/src/test/resources/features/LoginPage.feature:22)
]]>
    </failure>
  </testcase> <!-- runScenario -->
  <testcase classname="com.zaidan.testng.runner.CucumberRunnerTests" name="runScenario" time="8.505"/>
</testsuite> <!-- com.zaidan.testng.runner.CucumberRunnerTests -->
